{"contracts/Migrations.sol":{"l":{"9":1,"13":1,"17":1},"path":"/home/saqib/Saqib/Solidity/MSOT/contracts/Migrations.sol","s":{"1":1,"2":1},"b":{"1":[1,0]},"f":{"1":1,"2":1},"fnMap":{"1":{"name":"restricted","line":8,"loc":{"start":{"line":8,"column":2},"end":{"line":14,"column":2}}},"2":{"name":"setCompleted","line":16,"loc":{"start":{"line":16,"column":2},"end":{"line":18,"column":2}}}},"statementMap":{"1":{"start":{"line":9,"column":4},"end":{"line":9,"column":192}},"2":{"start":{"line":17,"column":4},"end":{"line":17,"column":39}}},"branchMap":{"1":{"line":9,"type":"if","locations":[{"start":{"line":9,"column":4},"end":{"line":9,"column":4}},{"start":{"line":9,"column":4},"end":{"line":9,"column":4}}]}}},"contracts/MSOT.sol":{"l":{"13":6,"14":6,"15":6},"path":"/home/saqib/Saqib/Solidity/MSOT/contracts/MSOT.sol","s":{"1":6,"2":6,"3":6},"b":{},"f":{"1":6,"2":2},"fnMap":{"1":{"name":"initialize","line":12,"loc":{"start":{"line":12,"column":4},"end":{"line":16,"column":4}}},"2":{"name":"_authorizeUpgrade","line":18,"loc":{"start":{"line":18,"column":4},"end":{"line":18,"column":86}}}},"statementMap":{"1":{"start":{"line":13,"column":8},"end":{"line":13,"column":35}},"2":{"start":{"line":14,"column":8},"end":{"line":14,"column":23}},"3":{"start":{"line":15,"column":8},"end":{"line":15,"column":52}}},"branchMap":{}},"contracts/Profit_Distributor.sol":{"l":{"18":2,"19":2,"21":2,"22":2,"23":2,"30":2,"36":2,"42":2},"path":"/home/saqib/Saqib/Solidity/MSOT/contracts/Profit_Distributor.sol","s":{"1":2,"2":2,"3":2,"4":2,"5":2,"6":2,"7":2,"8":2},"b":{},"f":{"1":2,"2":2,"3":2,"4":2},"fnMap":{"1":{"name":"_distributeTxFee","line":16,"loc":{"start":{"line":16,"column":4},"end":{"line":25,"column":4}}},"2":{"name":"_payFees","line":27,"loc":{"start":{"line":27,"column":4},"end":{"line":31,"column":4}}},"3":{"name":"_payRoyaltyToPlatform","line":33,"loc":{"start":{"line":33,"column":4},"end":{"line":37,"column":4}}},"4":{"name":"_payRoyaltyToOriginalOwner","line":39,"loc":{"start":{"line":39,"column":4},"end":{"line":44,"column":4}}}},"statementMap":{"1":{"start":{"line":18,"column":9},"end":{"line":18,"column":46}},"2":{"start":{"line":19,"column":9},"end":{"line":19,"column":45}},"3":{"start":{"line":21,"column":8},"end":{"line":21,"column":37}},"4":{"start":{"line":22,"column":8},"end":{"line":22,"column":45}},"5":{"start":{"line":23,"column":8},"end":{"line":23,"column":65}},"6":{"start":{"line":30,"column":8},"end":{"line":30,"column":49}},"7":{"start":{"line":36,"column":8},"end":{"line":36,"column":52}},"8":{"start":{"line":42,"column":8},"end":{"line":42,"column":57}}},"branchMap":{}},"contracts/Rentor.sol":{"l":{"11":3},"path":"/home/saqib/Saqib/Solidity/MSOT/contracts/Rentor.sol","s":{"1":3},"b":{},"f":{"1":3,"2":2},"fnMap":{"1":{"name":"initialize","line":10,"loc":{"start":{"line":10,"column":4},"end":{"line":12,"column":4}}},"2":{"name":"_authorizeUpgrade","line":14,"loc":{"start":{"line":14,"column":4},"end":{"line":14,"column":86}}}},"statementMap":{"1":{"start":{"line":11,"column":8},"end":{"line":11,"column":23}}},"branchMap":{}},"contracts/SOT.sol":{"l":{"21":3,"22":3,"25":3,"28":3,"29":15,"36":3,"37":2,"39":1,"40":1,"41":1,"42":6,"43":6,"45":1,"46":1,"47":1,"48":6,"49":6,"50":6,"51":6,"52":6,"54":1,"59":2,"60":1,"65":16,"66":16,"75":1,"77":1,"83":1,"88":16,"90":16,"91":16,"96":1,"97":1,"110":1,"111":1,"112":1,"113":1,"115":1,"123":2,"129":2,"130":2,"132":2,"136":4,"140":5},"path":"/home/saqib/Saqib/Solidity/MSOT/contracts/SOT.sol","s":{"1":3,"2":3,"3":3,"4":3,"5":15,"6":3,"7":2,"8":1,"9":1,"10":1,"11":6,"12":1,"13":1,"14":1,"15":6,"16":6,"17":6,"18":6,"19":6,"20":1,"21":2,"22":16,"23":1,"24":1,"25":1,"26":16,"27":16,"28":16,"29":1,"30":1,"31":1,"32":1,"33":1,"34":1,"35":1,"36":2,"37":2,"38":2,"39":2,"40":4,"41":5},"b":{"1":[2,1],"2":[1,1],"3":[16,0],"4":[2,0],"5":[2,0]},"f":{"1":3,"2":3,"3":2,"4":16,"5":2,"6":1,"7":1,"8":16,"9":1,"10":1,"11":2,"12":4,"13":5},"fnMap":{"1":{"name":"initialize","line":19,"loc":{"start":{"line":19,"column":4},"end":{"line":32,"column":4}}},"2":{"name":"uint2str","line":35,"loc":{"start":{"line":35,"column":4},"end":{"line":55,"column":4}}},"3":{"name":"tokenExists","line":58,"loc":{"start":{"line":58,"column":4},"end":{"line":61,"column":4}}},"4":{"name":"withinMintingLimit","line":64,"loc":{"start":{"line":64,"column":4},"end":{"line":67,"column":4}}},"5":{"name":"_authorizeUpgrade","line":69,"loc":{"start":{"line":69,"column":4},"end":{"line":69,"column":86}}},"6":{"name":"tokenURI","line":73,"loc":{"start":{"line":73,"column":4},"end":{"line":79,"column":4}}},"7":{"name":"_baseURI","line":82,"loc":{"start":{"line":82,"column":4},"end":{"line":84,"column":4}}},"8":{"name":"mint","line":86,"loc":{"start":{"line":86,"column":4},"end":{"line":92,"column":4}}},"9":{"name":"burn","line":94,"loc":{"start":{"line":94,"column":4},"end":{"line":99,"column":4}}},"10":{"name":"sellMyNFT","line":101,"loc":{"start":{"line":101,"column":4},"end":{"line":116,"column":4}}},"11":{"name":"transferFrom","line":118,"loc":{"start":{"line":118,"column":4},"end":{"line":133,"column":4}}},"12":{"name":"getCurrentTokenId","line":135,"loc":{"start":{"line":135,"column":4},"end":{"line":137,"column":4}}},"13":{"name":"getTotalSupply","line":139,"loc":{"start":{"line":139,"column":4},"end":{"line":141,"column":4}}}},"statementMap":{"1":{"start":{"line":21,"column":8},"end":{"line":21,"column":34}},"2":{"start":{"line":22,"column":8},"end":{"line":22,"column":23}},"3":{"start":{"line":25,"column":8},"end":{"line":25,"column":35}},"4":{"start":{"line":28,"column":8},"end":{"line":28,"column":965}},"5":{"start":{"line":29,"column":12},"end":{"line":29,"column":27}},"6":{"start":{"line":36,"column":8},"end":{"line":36,"column":1188}},"7":{"start":{"line":37,"column":12},"end":{"line":37,"column":22}},"8":{"start":{"line":39,"column":8},"end":{"line":39,"column":19}},"9":{"start":{"line":40,"column":8},"end":{"line":40,"column":16}},"10":{"start":{"line":41,"column":8},"end":{"line":41,"column":1284}},"11":{"start":{"line":43,"column":12},"end":{"line":43,"column":18}},"12":{"start":{"line":45,"column":8},"end":{"line":45,"column":42}},"13":{"start":{"line":46,"column":8},"end":{"line":46,"column":20}},"14":{"start":{"line":47,"column":8},"end":{"line":47,"column":1425}},"15":{"start":{"line":48,"column":12},"end":{"line":48,"column":18}},"16":{"start":{"line":49,"column":12},"end":{"line":49,"column":56}},"17":{"start":{"line":50,"column":12},"end":{"line":50,"column":36}},"18":{"start":{"line":51,"column":12},"end":{"line":51,"column":23}},"19":{"start":{"line":52,"column":12},"end":{"line":52,"column":19}},"20":{"start":{"line":54,"column":8},"end":{"line":54,"column":27}},"21":{"start":{"line":59,"column":8},"end":{"line":59,"column":83}},"22":{"start":{"line":65,"column":8},"end":{"line":65,"column":66}},"23":{"start":{"line":75,"column":8},"end":{"line":75,"column":42}},"24":{"start":{"line":77,"column":8},"end":{"line":77,"column":109}},"25":{"start":{"line":83,"column":8},"end":{"line":83,"column":117}},"26":{"start":{"line":88,"column":8},"end":{"line":88,"column":33}},"27":{"start":{"line":90,"column":8},"end":{"line":90,"column":27}},"28":{"start":{"line":91,"column":8},"end":{"line":91,"column":26}},"29":{"start":{"line":96,"column":8},"end":{"line":96,"column":21}},"30":{"start":{"line":97,"column":8},"end":{"line":97,"column":26}},"31":{"start":{"line":110,"column":8},"end":{"line":110,"column":30}},"32":{"start":{"line":111,"column":8},"end":{"line":111,"column":31}},"33":{"start":{"line":112,"column":8},"end":{"line":112,"column":44}},"34":{"start":{"line":113,"column":8},"end":{"line":113,"column":26}},"35":{"start":{"line":115,"column":8},"end":{"line":115,"column":43}},"36":{"start":{"line":123,"column":8},"end":{"line":123,"column":3649}},"37":{"start":{"line":129,"column":8},"end":{"line":129,"column":3955}},"38":{"start":{"line":130,"column":12},"end":{"line":130,"column":70}},"39":{"start":{"line":132,"column":8},"end":{"line":132,"column":40}},"40":{"start":{"line":136,"column":8},"end":{"line":136,"column":30}},"41":{"start":{"line":140,"column":8},"end":{"line":140,"column":29}}},"branchMap":{"1":{"line":36,"type":"if","locations":[{"start":{"line":36,"column":8},"end":{"line":36,"column":8}},{"start":{"line":36,"column":8},"end":{"line":36,"column":8}}]},"2":{"line":59,"type":"if","locations":[{"start":{"line":59,"column":8},"end":{"line":59,"column":8}},{"start":{"line":59,"column":8},"end":{"line":59,"column":8}}]},"3":{"line":65,"type":"if","locations":[{"start":{"line":65,"column":8},"end":{"line":65,"column":8}},{"start":{"line":65,"column":8},"end":{"line":65,"column":8}}]},"4":{"line":123,"type":"if","locations":[{"start":{"line":123,"column":8},"end":{"line":123,"column":8}},{"start":{"line":123,"column":8},"end":{"line":123,"column":8}}]},"5":{"line":129,"type":"if","locations":[{"start":{"line":129,"column":8},"end":{"line":129,"column":8}},{"start":{"line":129,"column":8},"end":{"line":129,"column":8}}]}}},"contracts/tests/mockMSOT.sol":{"l":{"8":1},"path":"/home/saqib/Saqib/Solidity/MSOT/contracts/tests/mockMSOT.sol","s":{"1":1},"b":{},"f":{"1":1},"fnMap":{"1":{"name":"version","line":7,"loc":{"start":{"line":7,"column":4},"end":{"line":9,"column":4}}}},"statementMap":{"1":{"start":{"line":8,"column":8},"end":{"line":8,"column":19}}},"branchMap":{}},"contracts/tests/mockRentor.sol":{"l":{"8":1},"path":"/home/saqib/Saqib/Solidity/MSOT/contracts/tests/mockRentor.sol","s":{"1":1},"b":{},"f":{"1":1},"fnMap":{"1":{"name":"version","line":7,"loc":{"start":{"line":7,"column":4},"end":{"line":9,"column":4}}}},"statementMap":{"1":{"start":{"line":8,"column":8},"end":{"line":8,"column":19}}},"branchMap":{}},"contracts/tests/mockSOT.sol":{"l":{"8":1},"path":"/home/saqib/Saqib/Solidity/MSOT/contracts/tests/mockSOT.sol","s":{"1":1},"b":{},"f":{"1":1},"fnMap":{"1":{"name":"version","line":7,"loc":{"start":{"line":7,"column":4},"end":{"line":9,"column":4}}}},"statementMap":{"1":{"start":{"line":8,"column":8},"end":{"line":8,"column":19}}},"branchMap":{}}}