{"contracts/Migrations.sol":{"l":{"9":1,"13":1,"17":1},"path":"/home/saqib/Saqib/MSOT/contracts/Migrations.sol","s":{"1":1,"2":1},"b":{"1":[1,0]},"f":{"1":1,"2":1},"fnMap":{"1":{"name":"restricted","line":8,"loc":{"start":{"line":8,"column":2},"end":{"line":14,"column":2}}},"2":{"name":"setCompleted","line":16,"loc":{"start":{"line":16,"column":2},"end":{"line":18,"column":2}}}},"statementMap":{"1":{"start":{"line":9,"column":4},"end":{"line":9,"column":192}},"2":{"start":{"line":17,"column":4},"end":{"line":17,"column":39}}},"branchMap":{"1":{"line":9,"type":"if","locations":[{"start":{"line":9,"column":4},"end":{"line":9,"column":4}},{"start":{"line":9,"column":4},"end":{"line":9,"column":4}}]}}},"contracts/MSOT.sol":{"l":{"13":3,"14":3,"15":3},"path":"/home/saqib/Saqib/MSOT/contracts/MSOT.sol","s":{"1":3,"2":3,"3":3},"b":{},"f":{"1":3,"2":2},"fnMap":{"1":{"name":"initialize","line":12,"loc":{"start":{"line":12,"column":4},"end":{"line":16,"column":4}}},"2":{"name":"_authorizeUpgrade","line":18,"loc":{"start":{"line":18,"column":4},"end":{"line":18,"column":86}}}},"statementMap":{"1":{"start":{"line":13,"column":8},"end":{"line":13,"column":35}},"2":{"start":{"line":14,"column":8},"end":{"line":14,"column":23}},"3":{"start":{"line":15,"column":8},"end":{"line":15,"column":52}}},"branchMap":{}},"contracts/Profit_Distributor.sol":{"l":{"11":3},"path":"/home/saqib/Saqib/MSOT/contracts/Profit_Distributor.sol","s":{"1":3},"b":{},"f":{"1":3,"2":2},"fnMap":{"1":{"name":"initialize","line":10,"loc":{"start":{"line":10,"column":4},"end":{"line":12,"column":4}}},"2":{"name":"_authorizeUpgrade","line":14,"loc":{"start":{"line":14,"column":4},"end":{"line":14,"column":86}}}},"statementMap":{"1":{"start":{"line":11,"column":8},"end":{"line":11,"column":23}}},"branchMap":{}},"contracts/Rentor.sol":{"l":{"11":3},"path":"/home/saqib/Saqib/MSOT/contracts/Rentor.sol","s":{"1":3},"b":{},"f":{"1":3,"2":2},"fnMap":{"1":{"name":"initialize","line":10,"loc":{"start":{"line":10,"column":4},"end":{"line":12,"column":4}}},"2":{"name":"_authorizeUpgrade","line":14,"loc":{"start":{"line":14,"column":4},"end":{"line":14,"column":86}}}},"statementMap":{"1":{"start":{"line":11,"column":8},"end":{"line":11,"column":23}}},"branchMap":{}},"contracts/SOT.sol":{"l":{"18":3,"19":3,"22":3,"23":15,"30":3,"31":2,"33":1,"34":1,"35":1,"36":6,"37":6,"39":1,"40":1,"41":1,"42":6,"43":6,"44":6,"45":6,"46":6,"48":1,"53":2,"54":1,"59":16,"60":16,"69":1,"71":1,"77":1,"82":16,"84":16,"85":16,"90":1,"91":1,"96":4,"100":5},"path":"/home/saqib/Saqib/MSOT/contracts/SOT.sol","s":{"1":3,"2":3,"3":3,"4":15,"5":3,"6":2,"7":1,"8":1,"9":1,"10":6,"11":1,"12":1,"13":1,"14":6,"15":6,"16":6,"17":6,"18":6,"19":1,"20":2,"21":16,"22":1,"23":1,"24":1,"25":16,"26":16,"27":16,"28":1,"29":1,"30":4,"31":5},"b":{"1":[2,1],"2":[1,1],"3":[16,0]},"f":{"1":3,"2":3,"3":2,"4":16,"5":2,"6":1,"7":1,"8":16,"9":1,"10":4,"11":5},"fnMap":{"1":{"name":"initialize","line":16,"loc":{"start":{"line":16,"column":4},"end":{"line":26,"column":4}}},"2":{"name":"uint2str","line":29,"loc":{"start":{"line":29,"column":4},"end":{"line":49,"column":4}}},"3":{"name":"tokenExists","line":52,"loc":{"start":{"line":52,"column":4},"end":{"line":55,"column":4}}},"4":{"name":"withinMintingLimit","line":58,"loc":{"start":{"line":58,"column":4},"end":{"line":61,"column":4}}},"5":{"name":"_authorizeUpgrade","line":63,"loc":{"start":{"line":63,"column":4},"end":{"line":63,"column":86}}},"6":{"name":"tokenURI","line":67,"loc":{"start":{"line":67,"column":4},"end":{"line":73,"column":4}}},"7":{"name":"_baseURI","line":76,"loc":{"start":{"line":76,"column":4},"end":{"line":78,"column":4}}},"8":{"name":"mint","line":80,"loc":{"start":{"line":80,"column":4},"end":{"line":86,"column":4}}},"9":{"name":"burn","line":88,"loc":{"start":{"line":88,"column":4},"end":{"line":93,"column":4}}},"10":{"name":"getCurrentTokenId","line":95,"loc":{"start":{"line":95,"column":4},"end":{"line":97,"column":4}}},"11":{"name":"getTotalSupply","line":99,"loc":{"start":{"line":99,"column":4},"end":{"line":101,"column":4}}}},"statementMap":{"1":{"start":{"line":18,"column":8},"end":{"line":18,"column":34}},"2":{"start":{"line":19,"column":8},"end":{"line":19,"column":23}},"3":{"start":{"line":22,"column":8},"end":{"line":22,"column":786}},"4":{"start":{"line":23,"column":12},"end":{"line":23,"column":27}},"5":{"start":{"line":30,"column":8},"end":{"line":30,"column":1009}},"6":{"start":{"line":31,"column":12},"end":{"line":31,"column":22}},"7":{"start":{"line":33,"column":8},"end":{"line":33,"column":19}},"8":{"start":{"line":34,"column":8},"end":{"line":34,"column":16}},"9":{"start":{"line":35,"column":8},"end":{"line":35,"column":1105}},"10":{"start":{"line":37,"column":12},"end":{"line":37,"column":18}},"11":{"start":{"line":39,"column":8},"end":{"line":39,"column":42}},"12":{"start":{"line":40,"column":8},"end":{"line":40,"column":20}},"13":{"start":{"line":41,"column":8},"end":{"line":41,"column":1246}},"14":{"start":{"line":42,"column":12},"end":{"line":42,"column":18}},"15":{"start":{"line":43,"column":12},"end":{"line":43,"column":56}},"16":{"start":{"line":44,"column":12},"end":{"line":44,"column":36}},"17":{"start":{"line":45,"column":12},"end":{"line":45,"column":23}},"18":{"start":{"line":46,"column":12},"end":{"line":46,"column":19}},"19":{"start":{"line":48,"column":8},"end":{"line":48,"column":27}},"20":{"start":{"line":53,"column":8},"end":{"line":53,"column":83}},"21":{"start":{"line":59,"column":8},"end":{"line":59,"column":66}},"22":{"start":{"line":69,"column":8},"end":{"line":69,"column":42}},"23":{"start":{"line":71,"column":8},"end":{"line":71,"column":109}},"24":{"start":{"line":77,"column":8},"end":{"line":77,"column":117}},"25":{"start":{"line":82,"column":8},"end":{"line":82,"column":33}},"26":{"start":{"line":84,"column":8},"end":{"line":84,"column":27}},"27":{"start":{"line":85,"column":8},"end":{"line":85,"column":26}},"28":{"start":{"line":90,"column":8},"end":{"line":90,"column":21}},"29":{"start":{"line":91,"column":8},"end":{"line":91,"column":26}},"30":{"start":{"line":96,"column":8},"end":{"line":96,"column":30}},"31":{"start":{"line":100,"column":8},"end":{"line":100,"column":29}}},"branchMap":{"1":{"line":30,"type":"if","locations":[{"start":{"line":30,"column":8},"end":{"line":30,"column":8}},{"start":{"line":30,"column":8},"end":{"line":30,"column":8}}]},"2":{"line":53,"type":"if","locations":[{"start":{"line":53,"column":8},"end":{"line":53,"column":8}},{"start":{"line":53,"column":8},"end":{"line":53,"column":8}}]},"3":{"line":59,"type":"if","locations":[{"start":{"line":59,"column":8},"end":{"line":59,"column":8}},{"start":{"line":59,"column":8},"end":{"line":59,"column":8}}]}}},"contracts/tests/mockMSOT.sol":{"l":{"8":1},"path":"/home/saqib/Saqib/MSOT/contracts/tests/mockMSOT.sol","s":{"1":1},"b":{},"f":{"1":1},"fnMap":{"1":{"name":"version","line":7,"loc":{"start":{"line":7,"column":4},"end":{"line":9,"column":4}}}},"statementMap":{"1":{"start":{"line":8,"column":8},"end":{"line":8,"column":19}}},"branchMap":{}},"contracts/tests/mockProfitDistributor.sol":{"l":{"8":1},"path":"/home/saqib/Saqib/MSOT/contracts/tests/mockProfitDistributor.sol","s":{"1":1},"b":{},"f":{"1":1},"fnMap":{"1":{"name":"version","line":7,"loc":{"start":{"line":7,"column":4},"end":{"line":9,"column":4}}}},"statementMap":{"1":{"start":{"line":8,"column":8},"end":{"line":8,"column":19}}},"branchMap":{}},"contracts/tests/mockRentor.sol":{"l":{"8":1},"path":"/home/saqib/Saqib/MSOT/contracts/tests/mockRentor.sol","s":{"1":1},"b":{},"f":{"1":1},"fnMap":{"1":{"name":"version","line":7,"loc":{"start":{"line":7,"column":4},"end":{"line":9,"column":4}}}},"statementMap":{"1":{"start":{"line":8,"column":8},"end":{"line":8,"column":19}}},"branchMap":{}},"contracts/tests/mockSOT.sol":{"l":{"8":1},"path":"/home/saqib/Saqib/MSOT/contracts/tests/mockSOT.sol","s":{"1":1},"b":{},"f":{"1":1},"fnMap":{"1":{"name":"version","line":7,"loc":{"start":{"line":7,"column":4},"end":{"line":9,"column":4}}}},"statementMap":{"1":{"start":{"line":8,"column":8},"end":{"line":8,"column":19}}},"branchMap":{}}}