{
"contracts/Migrations.sol":{"l":{"9":0,"13":0,"17":0},"path":"/home/saqib/Saqib/MSOT/contracts/Migrations.sol","s":{"1":0,"2":0},"b":{"1":[0,0]},"f":{"1":0,"2":0},"fnMap":{"1":{"name":"restricted","line":8,"loc":{"start":{"line":8,"column":2},"end":{"line":14,"column":2}}},"2":{"name":"setCompleted","line":16,"loc":{"start":{"line":16,"column":2},"end":{"line":18,"column":2}}}},"statementMap":{"1":{"start":{"line":9,"column":4},"end":{"line":9,"column":192}},"2":{"start":{"line":17,"column":4},"end":{"line":17,"column":39}}},"branchMap":{"1":{"line":9,"type":"if","locations":[{"start":{"line":9,"column":4},"end":{"line":9,"column":4}},{"start":{"line":9,"column":4},"end":{"line":9,"column":4}}]}}},
"contracts/MSOT.sol":{"l":{"13":3,"14":3,"26":1},"path":"/home/saqib/Saqib/MSOT/contracts/MSOT.sol","s":{"1":3,"2":3,"3":1},"b":{},"f":{"1":3,"2":2,"3":1},"fnMap":{"1":{"name":"initialize","line":12,"loc":{"start":{"line":12,"column":4},"end":{"line":16,"column":4}}},"2":{"name":"_authorizeUpgrade","line":18,"loc":{"start":{"line":18,"column":4},"end":{"line":18,"column":86}}},"3":{"name":"version","line":25,"loc":{"start":{"line":25,"column":4},"end":{"line":27,"column":4}}}},"statementMap":{"1":{"start":{"line":13,"column":8},"end":{"line":13,"column":36}},"2":{"start":{"line":14,"column":8},"end":{"line":14,"column":23}},"3":{"start":{"line":26,"column":8},"end":{"line":26,"column":19}}},"branchMap":{}},
"contracts/Profit_Distributor.sol":{"l":{"12":3,"23":1},"path":"/home/saqib/Saqib/MSOT/contracts/Profit_Distributor.sol","s":{"1":3,"2":1},"b":{},"f":{"1":3,"2":2,"3":1},"fnMap":{"1":{"name":"initialize","line":11,"loc":{"start":{"line":11,"column":4},"end":{"line":13,"column":4}}},"2":{"name":"_authorizeUpgrade","line":15,"loc":{"start":{"line":15,"column":4},"end":{"line":15,"column":86}}},"3":{"name":"version","line":22,"loc":{"start":{"line":22,"column":4},"end":{"line":24,"column":4}}}},"statementMap":{"1":{"start":{"line":12,"column":8},"end":{"line":12,"column":23}},"2":{"start":{"line":23,"column":8},"end":{"line":23,"column":19}}},"branchMap":{}},
"contracts/Rentor.sol":{"l":{"12":3,"23":1},"path":"/home/saqib/Saqib/MSOT/contracts/Rentor.sol","s":{"1":3,"2":1},"b":{},"f":{"1":3,"2":2,"3":1},"fnMap":{"1":{"name":"initialize","line":11,"loc":{"start":{"line":11,"column":4},"end":{"line":13,"column":4}}},"2":{"name":"_authorizeUpgrade","line":15,"loc":{"start":{"line":15,"column":4},"end":{"line":15,"column":86}}},"3":{"name":"version","line":22,"loc":{"start":{"line":22,"column":4},"end":{"line":24,"column":4}}}},"statementMap":{"1":{"start":{"line":12,"column":8},"end":{"line":12,"column":23}},"2":{"start":{"line":23,"column":8},"end":{"line":23,"column":19}}},"branchMap":{}},
"contracts/SOT.sol":{"l":{"13":3,"14":3,"15":3,"26":1},"path":"/home/saqib/Saqib/MSOT/contracts/SOT.sol","s":{"1":3,"2":3,"3":3,"4":1},"b":{},"f":{"1":3,"2":2,"3":1},"fnMap":{"1":{"name":"initialize","line":12,"loc":{"start":{"line":12,"column":4},"end":{"line":16,"column":4}}},"2":{"name":"_authorizeUpgrade","line":18,"loc":{"start":{"line":18,"column":4},"end":{"line":18,"column":86}}},"3":{"name":"version","line":25,"loc":{"start":{"line":25,"column":4},"end":{"line":27,"column":4}}}},"statementMap":{"1":{"start":{"line":13,"column":8},"end":{"line":13,"column":33}},"2":{"start":{"line":14,"column":8},"end":{"line":14,"column":23}},"3":{"start":{"line":15,"column":8},"end":{"line":15,"column":52}},"4":{"start":{"line":26,"column":8},"end":{"line":26,"column":19}}},"branchMap":{}}}
