{
"contracts/libraries/ERC721Upgradeable.sol":{"l":{"58":3,"59":3,"60":3,"64":3,"65":3,"72":0,"82":1,"83":1,"90":0,"91":0,"92":0,"99":2,"106":1,"113":0,"115":0,"116":0,"125":0,"132":0,"133":0,"135":0,"140":0,"147":0,"149":0,"156":0,"158":0,"159":0,"166":0,"178":0,"180":0,"191":0,"203":0,"204":0,"231":0,"232":0,"244":153,"255":0,"256":0,"257":0,"271":0,"283":0,"284":0,"304":153,"306":153,"308":153,"309":153,"311":153,"314":153,"315":153,"316":153,"318":153,"319":153,"321":153,"323":153,"337":0,"339":0,"342":0,"344":0,"345":0,"346":0,"347":0,"348":0,"349":0,"351":0,"370":0,"371":0,"373":0,"376":0,"378":0,"379":0,"380":0,"382":0,"391":0,"392":0,"411":0,"412":0,"413":0,"415":0,"416":0,"418":0,"424":0},"path":"/home/saqib/Saqib/MSOT/contracts/libraries/ERC721Upgradeable.sol","s":{"1":3,"2":3,"3":3,"4":3,"5":3,"6":0,"7":1,"8":1,"9":0,"10":0,"11":0,"12":2,"13":1,"14":0,"15":0,"16":0,"17":0,"18":0,"19":0,"20":0,"21":0,"22":0,"23":0,"24":0,"25":0,"26":0,"27":0,"28":0,"29":0,"30":0,"31":0,"32":0,"33":0,"34":0,"35":153,"36":0,"37":0,"38":0,"39":0,"40":0,"41":0,"42":153,"43":153,"44":153,"45":153,"46":153,"47":153,"48":153,"49":153,"50":153,"51":153,"52":153,"53":153,"54":0,"55":0,"56":0,"57":0,"58":0,"59":0,"60":0,"61":0,"62":0,"63":0,"64":0,"65":0,"66":0,"67":0,"68":0,"69":0,"70":0,"71":0,"72":0,"73":0,"74":0,"75":0},"b":{"1":[1,0],"2":[0,0],"3":[0,0],"4":[0,0],"5":[0,0],"6":[0,0],"7":[0,0],"8":[0,0],"9":[0,0],"10":[0,0],"11":[0,0],"12":[0,0],"13":[153,0],"14":[153,0],"15":[153,0],"16":[0,0],"17":[0,0],"18":[0,0],"19":[0,0]},"f":{"1":3,"2":3,"3":0,"4":1,"5":0,"6":2,"7":1,"8":0,"9":0,"10":0,"11":0,"12":0,"13":0,"14":0,"15":0,"16":0,"17":0,"18":153,"19":0,"20":0,"21":0,"22":153,"23":0,"24":0,"25":0,"26":0,"27":153},"fnMap":{"1":{"name":"__ERC721_init","line":57,"loc":{"start":{"line":57,"column":4},"end":{"line":61,"column":4}}},"2":{"name":"__ERC721_init_unchained","line":63,"loc":{"start":{"line":63,"column":4},"end":{"line":66,"column":4}}},"3":{"name":"supportsInterface","line":71,"loc":{"start":{"line":71,"column":4},"end":{"line":76,"column":4}}},"4":{"name":"balanceOf","line":81,"loc":{"start":{"line":81,"column":4},"end":{"line":84,"column":4}}},"5":{"name":"ownerOf","line":89,"loc":{"start":{"line":89,"column":4},"end":{"line":93,"column":4}}},"6":{"name":"name","line":98,"loc":{"start":{"line":98,"column":4},"end":{"line":100,"column":4}}},"7":{"name":"symbol","line":105,"loc":{"start":{"line":105,"column":4},"end":{"line":107,"column":4}}},"8":{"name":"tokenURI","line":112,"loc":{"start":{"line":112,"column":4},"end":{"line":117,"column":4}}},"9":{"name":"_baseURI","line":124,"loc":{"start":{"line":124,"column":4},"end":{"line":126,"column":4}}},"10":{"name":"approve","line":131,"loc":{"start":{"line":131,"column":4},"end":{"line":141,"column":4}}},"11":{"name":"getApproved","line":146,"loc":{"start":{"line":146,"column":4},"end":{"line":150,"column":4}}},"12":{"name":"setApprovalForAll","line":155,"loc":{"start":{"line":155,"column":4},"end":{"line":160,"column":4}}},"13":{"name":"isApprovedForAll","line":165,"loc":{"start":{"line":165,"column":4},"end":{"line":167,"column":4}}},"14":{"name":"transferFrom","line":172,"loc":{"start":{"line":172,"column":4},"end":{"line":181,"column":4}}},"15":{"name":"safeTransferFrom","line":186,"loc":{"start":{"line":186,"column":4},"end":{"line":192,"column":4}}},"16":{"name":"safeTransferFrom","line":197,"loc":{"start":{"line":197,"column":4},"end":{"line":205,"column":4}}},"17":{"name":"_safeTransfer","line":225,"loc":{"start":{"line":225,"column":4},"end":{"line":233,"column":4}}},"18":{"name":"_exists","line":243,"loc":{"start":{"line":243,"column":4},"end":{"line":245,"column":4}}},"19":{"name":"_isApprovedOrOwner","line":254,"loc":{"start":{"line":254,"column":4},"end":{"line":258,"column":4}}},"20":{"name":"_safeMint","line":270,"loc":{"start":{"line":270,"column":4},"end":{"line":272,"column":4}}},"21":{"name":"_safeMint","line":278,"loc":{"start":{"line":278,"column":4},"end":{"line":288,"column":4}}},"22":{"name":"_mint","line":302,"loc":{"start":{"line":302,"column":4},"end":{"line":324,"column":4}}},"23":{"name":"_burn","line":336,"loc":{"start":{"line":336,"column":4},"end":{"line":352,"column":4}}},"24":{"name":"_transfer","line":365,"loc":{"start":{"line":365,"column":4},"end":{"line":383,"column":4}}},"25":{"name":"_approve","line":390,"loc":{"start":{"line":390,"column":4},"end":{"line":393,"column":4}}},"26":{"name":"_checkOnERC721Received","line":405,"loc":{"start":{"line":405,"column":4},"end":{"line":426,"column":4}}},"27":{"name":"_beforeTokenTransfer","line":442,"loc":{"start":{"line":442,"column":4},"end":{"line":446,"column":24}}}},"statementMap":{"1":{"start":{"line":58,"column":8},"end":{"line":58,"column":33}},"2":{"start":{"line":59,"column":8},"end":{"line":59,"column":32}},"3":{"start":{"line":60,"column":8},"end":{"line":60,"column":46}},"4":{"start":{"line":64,"column":8},"end":{"line":64,"column":20}},"5":{"start":{"line":65,"column":8},"end":{"line":65,"column":24}},"6":{"start":{"line":72,"column":8},"end":{"line":72,"column":2937}},"7":{"start":{"line":82,"column":8},"end":{"line":82,"column":81}},"8":{"start":{"line":83,"column":8},"end":{"line":83,"column":31}},"9":{"start":{"line":90,"column":8},"end":{"line":90,"column":40}},"10":{"start":{"line":91,"column":8},"end":{"line":91,"column":80}},"11":{"start":{"line":92,"column":8},"end":{"line":92,"column":20}},"12":{"start":{"line":99,"column":8},"end":{"line":99,"column":20}},"13":{"start":{"line":106,"column":8},"end":{"line":106,"column":22}},"14":{"start":{"line":113,"column":8},"end":{"line":113,"column":83}},"15":{"start":{"line":115,"column":8},"end":{"line":115,"column":42}},"16":{"start":{"line":116,"column":8},"end":{"line":116,"column":101}},"17":{"start":{"line":125,"column":8},"end":{"line":125,"column":17}},"18":{"start":{"line":132,"column":8},"end":{"line":132,"column":58}},"19":{"start":{"line":133,"column":8},"end":{"line":133,"column":64}},"20":{"start":{"line":135,"column":8},"end":{"line":135,"column":4976}},"21":{"start":{"line":140,"column":8},"end":{"line":140,"column":28}},"22":{"start":{"line":147,"column":8},"end":{"line":147,"column":80}},"23":{"start":{"line":149,"column":8},"end":{"line":149,"column":39}},"24":{"start":{"line":156,"column":8},"end":{"line":156,"column":69}},"25":{"start":{"line":158,"column":8},"end":{"line":158,"column":60}},"26":{"start":{"line":159,"column":8},"end":{"line":159,"column":61}},"27":{"start":{"line":166,"column":8},"end":{"line":166,"column":50}},"28":{"start":{"line":178,"column":8},"end":{"line":178,"column":110}},"29":{"start":{"line":180,"column":8},"end":{"line":180,"column":35}},"30":{"start":{"line":191,"column":8},"end":{"line":191,"column":46}},"31":{"start":{"line":203,"column":8},"end":{"line":203,"column":110}},"32":{"start":{"line":204,"column":8},"end":{"line":204,"column":46}},"33":{"start":{"line":231,"column":8},"end":{"line":231,"column":35}},"34":{"start":{"line":232,"column":8},"end":{"line":232,"column":118}},"35":{"start":{"line":244,"column":8},"end":{"line":244,"column":45}},"36":{"start":{"line":255,"column":8},"end":{"line":255,"column":80}},"37":{"start":{"line":256,"column":8},"end":{"line":256,"column":58}},"38":{"start":{"line":257,"column":8},"end":{"line":257,"column":104}},"39":{"start":{"line":271,"column":8},"end":{"line":271,"column":33}},"40":{"start":{"line":283,"column":8},"end":{"line":283,"column":23}},"41":{"start":{"line":284,"column":8},"end":{"line":284,"column":9986}},"42":{"start":{"line":304,"column":8},"end":{"line":304,"column":65}},"43":{"start":{"line":306,"column":8},"end":{"line":306,"column":38}},"44":{"start":{"line":308,"column":8},"end":{"line":308,"column":68}},"45":{"start":{"line":309,"column":8},"end":{"line":309,"column":65}},"46":{"start":{"line":311,"column":8},"end":{"line":311,"column":52}},"47":{"start":{"line":314,"column":8},"end":{"line":314,"column":39}},"48":{"start":{"line":315,"column":8},"end":{"line":315,"column":39}},"49":{"start":{"line":316,"column":8},"end":{"line":316,"column":31}},"50":{"start":{"line":318,"column":8},"end":{"line":318,"column":25}},"51":{"start":{"line":319,"column":8},"end":{"line":319,"column":28}},"52":{"start":{"line":321,"column":8},"end":{"line":321,"column":46}},"53":{"start":{"line":323,"column":8},"end":{"line":323,"column":24}},"54":{"start":{"line":337,"column":8},"end":{"line":337,"column":58}},"55":{"start":{"line":339,"column":8},"end":{"line":339,"column":55}},"56":{"start":{"line":342,"column":8},"end":{"line":342,"column":36}},"57":{"start":{"line":344,"column":8},"end":{"line":344,"column":28}},"58":{"start":{"line":349,"column":8},"end":{"line":349,"column":24}},"59":{"start":{"line":351,"column":8},"end":{"line":351,"column":49}},"60":{"start":{"line":370,"column":8},"end":{"line":370,"column":103}},"61":{"start":{"line":371,"column":8},"end":{"line":371,"column":72}},"62":{"start":{"line":373,"column":8},"end":{"line":373,"column":46}},"63":{"start":{"line":376,"column":8},"end":{"line":376,"column":36}},"64":{"start":{"line":378,"column":8},"end":{"line":378,"column":27}},"65":{"start":{"line":379,"column":8},"end":{"line":379,"column":25}},"66":{"start":{"line":380,"column":8},"end":{"line":380,"column":28}},"67":{"start":{"line":382,"column":8},"end":{"line":382,"column":40}},"68":{"start":{"line":391,"column":8},"end":{"line":391,"column":36}},"69":{"start":{"line":392,"column":8},"end":{"line":392,"column":70}},"70":{"start":{"line":411,"column":8},"end":{"line":411,"column":13823}},"71":{"start":{"line":412,"column":12},"end":{"line":412,"column":13862}},"72":{"start":{"line":413,"column":16},"end":{"line":413,"column":85}},"73":{"start":{"line":415,"column":16},"end":{"line":415,"column":14127}},"74":{"start":{"line":416,"column":20},"end":{"line":416,"column":79}},"75":{"start":{"line":424,"column":12},"end":{"line":424,"column":23}}},"branchMap":{"1":{"line":82,"type":"if","locations":[{"start":{"line":82,"column":8},"end":{"line":82,"column":8}},{"start":{"line":82,"column":8},"end":{"line":82,"column":8}}]},"2":{"line":91,"type":"if","locations":[{"start":{"line":91,"column":8},"end":{"line":91,"column":8}},{"start":{"line":91,"column":8},"end":{"line":91,"column":8}}]},"3":{"line":113,"type":"if","locations":[{"start":{"line":113,"column":8},"end":{"line":113,"column":8}},{"start":{"line":113,"column":8},"end":{"line":113,"column":8}}]},"4":{"line":133,"type":"if","locations":[{"start":{"line":133,"column":8},"end":{"line":133,"column":8}},{"start":{"line":133,"column":8},"end":{"line":133,"column":8}}]},"5":{"line":135,"type":"if","locations":[{"start":{"line":135,"column":8},"end":{"line":135,"column":8}},{"start":{"line":135,"column":8},"end":{"line":135,"column":8}}]},"6":{"line":147,"type":"if","locations":[{"start":{"line":147,"column":8},"end":{"line":147,"column":8}},{"start":{"line":147,"column":8},"end":{"line":147,"column":8}}]},"7":{"line":156,"type":"if","locations":[{"start":{"line":156,"column":8},"end":{"line":156,"column":8}},{"start":{"line":156,"column":8},"end":{"line":156,"column":8}}]},"8":{"line":178,"type":"if","locations":[{"start":{"line":178,"column":8},"end":{"line":178,"column":8}},{"start":{"line":178,"column":8},"end":{"line":178,"column":8}}]},"9":{"line":203,"type":"if","locations":[{"start":{"line":203,"column":8},"end":{"line":203,"column":8}},{"start":{"line":203,"column":8},"end":{"line":203,"column":8}}]},"10":{"line":232,"type":"if","locations":[{"start":{"line":232,"column":8},"end":{"line":232,"column":8}},{"start":{"line":232,"column":8},"end":{"line":232,"column":8}}]},"11":{"line":255,"type":"if","locations":[{"start":{"line":255,"column":8},"end":{"line":255,"column":8}},{"start":{"line":255,"column":8},"end":{"line":255,"column":8}}]},"12":{"line":284,"type":"if","locations":[{"start":{"line":284,"column":8},"end":{"line":284,"column":8}},{"start":{"line":284,"column":8},"end":{"line":284,"column":8}}]},"13":{"line":304,"type":"if","locations":[{"start":{"line":304,"column":8},"end":{"line":304,"column":8}},{"start":{"line":304,"column":8},"end":{"line":304,"column":8}}]},"14":{"line":308,"type":"if","locations":[{"start":{"line":308,"column":8},"end":{"line":308,"column":8}},{"start":{"line":308,"column":8},"end":{"line":308,"column":8}}]},"15":{"line":309,"type":"if","locations":[{"start":{"line":309,"column":8},"end":{"line":309,"column":8}},{"start":{"line":309,"column":8},"end":{"line":309,"column":8}}]},"16":{"line":370,"type":"if","locations":[{"start":{"line":370,"column":8},"end":{"line":370,"column":8}},{"start":{"line":370,"column":8},"end":{"line":370,"column":8}}]},"17":{"line":371,"type":"if","locations":[{"start":{"line":371,"column":8},"end":{"line":371,"column":8}},{"start":{"line":371,"column":8},"end":{"line":371,"column":8}}]},"18":{"line":411,"type":"if","locations":[{"start":{"line":411,"column":8},"end":{"line":411,"column":8}},{"start":{"line":411,"column":8},"end":{"line":411,"column":8}}]},"19":{"line":415,"type":"if","locations":[{"start":{"line":415,"column":16},"end":{"line":415,"column":16}},{"start":{"line":415,"column":16},"end":{"line":415,"column":16}}]}}},
"contracts/Migrations.sol":{"l":{"9":0,"13":0,"17":0},"path":"/home/saqib/Saqib/MSOT/contracts/Migrations.sol","s":{"1":0,"2":0},"b":{"1":[0,0]},"f":{"1":0,"2":0},"fnMap":{"1":{"name":"restricted","line":8,"loc":{"start":{"line":8,"column":2},"end":{"line":14,"column":2}}},"2":{"name":"setCompleted","line":16,"loc":{"start":{"line":16,"column":2},"end":{"line":18,"column":2}}}},"statementMap":{"1":{"start":{"line":9,"column":4},"end":{"line":9,"column":192}},"2":{"start":{"line":17,"column":4},"end":{"line":17,"column":39}}},"branchMap":{"1":{"line":9,"type":"if","locations":[{"start":{"line":9,"column":4},"end":{"line":9,"column":4}},{"start":{"line":9,"column":4},"end":{"line":9,"column":4}}]}}},
"contracts/MSOT.sol":{"l":{"13":3,"14":3,"15":3,"26":1},"path":"/home/saqib/Saqib/MSOT/contracts/MSOT.sol","s":{"1":3,"2":3,"3":3,"4":1},"b":{},"f":{"1":3,"2":2,"3":1},"fnMap":{"1":{"name":"initialize","line":12,"loc":{"start":{"line":12,"column":4},"end":{"line":16,"column":4}}},"2":{"name":"_authorizeUpgrade","line":18,"loc":{"start":{"line":18,"column":4},"end":{"line":18,"column":86}}},"3":{"name":"version","line":25,"loc":{"start":{"line":25,"column":4},"end":{"line":27,"column":4}}}},"statementMap":{"1":{"start":{"line":13,"column":8},"end":{"line":13,"column":35}},"2":{"start":{"line":14,"column":8},"end":{"line":14,"column":23}},"3":{"start":{"line":15,"column":8},"end":{"line":15,"column":52}},"4":{"start":{"line":26,"column":8},"end":{"line":26,"column":19}}},"branchMap":{}},
"contracts/Profit_Distributor.sol":{"l":{"11":3,"22":1},"path":"/home/saqib/Saqib/MSOT/contracts/Profit_Distributor.sol","s":{"1":3,"2":1},"b":{},"f":{"1":3,"2":2,"3":1},"fnMap":{"1":{"name":"initialize","line":10,"loc":{"start":{"line":10,"column":4},"end":{"line":12,"column":4}}},"2":{"name":"_authorizeUpgrade","line":14,"loc":{"start":{"line":14,"column":4},"end":{"line":14,"column":86}}},"3":{"name":"version","line":21,"loc":{"start":{"line":21,"column":4},"end":{"line":23,"column":4}}}},"statementMap":{"1":{"start":{"line":11,"column":8},"end":{"line":11,"column":23}},"2":{"start":{"line":22,"column":8},"end":{"line":22,"column":19}}},"branchMap":{}},
"contracts/Rentor.sol":{"l":{"11":3,"22":1},"path":"/home/saqib/Saqib/MSOT/contracts/Rentor.sol","s":{"1":3,"2":1},"b":{},"f":{"1":3,"2":2,"3":1},"fnMap":{"1":{"name":"initialize","line":10,"loc":{"start":{"line":10,"column":4},"end":{"line":12,"column":4}}},"2":{"name":"_authorizeUpgrade","line":14,"loc":{"start":{"line":14,"column":4},"end":{"line":14,"column":86}}},"3":{"name":"version","line":21,"loc":{"start":{"line":21,"column":4},"end":{"line":23,"column":4}}}},"statementMap":{"1":{"start":{"line":11,"column":8},"end":{"line":11,"column":23}},"2":{"start":{"line":22,"column":8},"end":{"line":22,"column":19}}},"branchMap":{}},
"contracts/SOT.sol":{"l":{"13":3,"14":3,"16":3,"17":153,"33":1},"path":"/home/saqib/Saqib/MSOT/contracts/SOT.sol","s":{"1":3,"2":3,"3":3,"4":153,"5":1},"b":{},"f":{"1":3,"2":2,"3":1},"fnMap":{"1":{"name":"initialize","line":12,"loc":{"start":{"line":12,"column":4},"end":{"line":22,"column":4}}},"2":{"name":"_authorizeUpgrade","line":24,"loc":{"start":{"line":24,"column":4},"end":{"line":24,"column":86}}},"3":{"name":"version","line":32,"loc":{"start":{"line":32,"column":4},"end":{"line":34,"column":4}}}},"statementMap":{"1":{"start":{"line":13,"column":8},"end":{"line":13,"column":34}},"2":{"start":{"line":14,"column":8},"end":{"line":14,"column":23}},"3":{"start":{"line":16,"column":8},"end":{"line":16,"column":549}},"4":{"start":{"line":17,"column":12},"end":{"line":17,"column":37}},"5":{"start":{"line":33,"column":8},"end":{"line":33,"column":19}}},"branchMap":{}}}
