TN:
SF:/home/saqib/Saqib/MSOT/contracts/Migrations.sol
FN:8,restricted
FN:16,setCompleted
FNF:2
FNH:2
FNDA:1,restricted
FNDA:1,setCompleted
DA:9,1
DA:13,1
DA:17,1
LF:3
LH:3
BRDA:9,1,0,1
BRDA:9,1,1,0
BRF:2
BRH:1
end_of_record
TN:
SF:/home/saqib/Saqib/MSOT/contracts/MSOT.sol
FN:12,initialize
FN:18,_authorizeUpgrade
FNF:2
FNH:2
FNDA:3,initialize
FNDA:2,_authorizeUpgrade
DA:13,3
DA:14,3
DA:15,3
LF:3
LH:3
BRF:0
BRH:0
end_of_record
TN:
SF:/home/saqib/Saqib/MSOT/contracts/Profit_Distributor.sol
FN:10,initialize
FN:14,_authorizeUpgrade
FNF:2
FNH:2
FNDA:3,initialize
FNDA:2,_authorizeUpgrade
DA:11,3
LF:1
LH:1
BRF:0
BRH:0
end_of_record
TN:
SF:/home/saqib/Saqib/MSOT/contracts/Rentor.sol
FN:10,initialize
FN:14,_authorizeUpgrade
FNF:2
FNH:2
FNDA:3,initialize
FNDA:2,_authorizeUpgrade
DA:11,3
LF:1
LH:1
BRF:0
BRH:0
end_of_record
TN:
SF:/home/saqib/Saqib/MSOT/contracts/SOT.sol
FN:15,initialize
FN:27,uint2str
FN:49,tokenExists
FN:54,withinMintingLimit
FN:59,_authorizeUpgrade
FN:63,tokenURI
FN:72,_baseURI
FN:76,mint
FN:84,burn
FN:91,getCurrentTokenId
FN:95,getTotalSupply
FNF:11
FNH:11
FNDA:3,initialize
FNDA:3,uint2str
FNDA:2,tokenExists
FNDA:16,withinMintingLimit
FNDA:2,_authorizeUpgrade
FNDA:1,tokenURI
FNDA:1,_baseURI
FNDA:16,mint
FNDA:1,burn
FNDA:4,getCurrentTokenId
FNDA:5,getTotalSupply
DA:17,3
DA:18,3
DA:20,3
DA:21,15
DA:28,3
DA:29,2
DA:31,1
DA:32,1
DA:33,1
DA:34,6
DA:35,6
DA:37,1
DA:38,1
DA:39,1
DA:40,6
DA:41,6
DA:42,6
DA:43,6
DA:44,6
DA:46,1
DA:50,2
DA:51,1
DA:55,16
DA:56,16
DA:65,1
DA:67,1
DA:73,1
DA:78,16
DA:80,16
DA:81,16
DA:86,1
DA:87,1
DA:92,4
DA:96,5
LF:34
LH:34
BRDA:28,1,0,2
BRDA:28,1,1,1
BRDA:50,2,0,1
BRDA:50,2,1,1
BRDA:55,3,0,16
BRDA:55,3,1,0
BRF:6
BRH:5
end_of_record
TN:
SF:/home/saqib/Saqib/MSOT/contracts/tests/mockMSOT.sol
FN:7,version
FNF:1
FNH:1
FNDA:1,version
DA:8,1
LF:1
LH:1
BRF:0
BRH:0
end_of_record
TN:
SF:/home/saqib/Saqib/MSOT/contracts/tests/mockProfitDistributor.sol
FN:7,version
FNF:1
FNH:1
FNDA:1,version
DA:8,1
LF:1
LH:1
BRF:0
BRH:0
end_of_record
TN:
SF:/home/saqib/Saqib/MSOT/contracts/tests/mockRentor.sol
FN:7,version
FNF:1
FNH:1
FNDA:1,version
DA:8,1
LF:1
LH:1
BRF:0
BRH:0
end_of_record
TN:
SF:/home/saqib/Saqib/MSOT/contracts/tests/mockSOT.sol
FN:7,version
FNF:1
FNH:1
FNDA:1,version
DA:8,1
LF:1
LH:1
BRF:0
BRH:0
end_of_record
