TN:
SF:/home/saqib/Saqib/MSOT/contracts/libraries/ERC721Upgradeable.sol
FN:57,__ERC721_init
FN:63,__ERC721_init_unchained
FN:71,supportsInterface
FN:81,balanceOf
FN:89,ownerOf
FN:98,name
FN:105,symbol
FN:112,tokenURI
FN:124,_baseURI
FN:131,approve
FN:146,getApproved
FN:155,setApprovalForAll
FN:165,isApprovedForAll
FN:172,transferFrom
FN:186,safeTransferFrom
FN:197,safeTransferFrom
FN:225,_safeTransfer
FN:243,_exists
FN:254,_isApprovedOrOwner
FN:270,_safeMint
FN:278,_safeMint
FN:302,_mint
FN:336,_burn
FN:365,_transfer
FN:390,_approve
FN:405,_checkOnERC721Received
FN:442,_beforeTokenTransfer
FNF:27
FNH:8
FNDA:3,__ERC721_init
FNDA:3,__ERC721_init_unchained
FNDA:0,supportsInterface
FNDA:1,balanceOf
FNDA:0,ownerOf
FNDA:2,name
FNDA:1,symbol
FNDA:0,tokenURI
FNDA:0,_baseURI
FNDA:0,approve
FNDA:0,getApproved
FNDA:0,setApprovalForAll
FNDA:0,isApprovedForAll
FNDA:0,transferFrom
FNDA:0,safeTransferFrom
FNDA:0,safeTransferFrom
FNDA:0,_safeTransfer
FNDA:153,_exists
FNDA:0,_isApprovedOrOwner
FNDA:0,_safeMint
FNDA:0,_safeMint
FNDA:153,_mint
FNDA:0,_burn
FNDA:0,_transfer
FNDA:0,_approve
FNDA:0,_checkOnERC721Received
FNDA:153,_beforeTokenTransfer
DA:58,3
DA:59,3
DA:60,3
DA:64,3
DA:65,3
DA:72,0
DA:82,1
DA:83,1
DA:90,0
DA:91,0
DA:92,0
DA:99,2
DA:106,1
DA:113,0
DA:115,0
DA:116,0
DA:125,0
DA:132,0
DA:133,0
DA:135,0
DA:140,0
DA:147,0
DA:149,0
DA:156,0
DA:158,0
DA:159,0
DA:166,0
DA:178,0
DA:180,0
DA:191,0
DA:203,0
DA:204,0
DA:231,0
DA:232,0
DA:244,153
DA:255,0
DA:256,0
DA:257,0
DA:271,0
DA:283,0
DA:284,0
DA:304,153
DA:306,153
DA:308,153
DA:309,153
DA:311,153
DA:314,153
DA:315,153
DA:316,153
DA:318,153
DA:319,153
DA:321,153
DA:323,153
DA:337,0
DA:339,0
DA:342,0
DA:344,0
DA:345,0
DA:346,0
DA:347,0
DA:348,0
DA:349,0
DA:351,0
DA:370,0
DA:371,0
DA:373,0
DA:376,0
DA:378,0
DA:379,0
DA:380,0
DA:382,0
DA:391,0
DA:392,0
DA:411,0
DA:412,0
DA:413,0
DA:415,0
DA:416,0
DA:418,0
DA:424,0
LF:80
LH:22
BRDA:82,1,0,1
BRDA:82,1,1,0
BRDA:91,2,0,0
BRDA:91,2,1,0
BRDA:113,3,0,0
BRDA:113,3,1,0
BRDA:133,4,0,0
BRDA:133,4,1,0
BRDA:135,5,0,0
BRDA:135,5,1,0
BRDA:147,6,0,0
BRDA:147,6,1,0
BRDA:156,7,0,0
BRDA:156,7,1,0
BRDA:178,8,0,0
BRDA:178,8,1,0
BRDA:203,9,0,0
BRDA:203,9,1,0
BRDA:232,10,0,0
BRDA:232,10,1,0
BRDA:255,11,0,0
BRDA:255,11,1,0
BRDA:284,12,0,0
BRDA:284,12,1,0
BRDA:304,13,0,153
BRDA:304,13,1,0
BRDA:308,14,0,153
BRDA:308,14,1,0
BRDA:309,15,0,153
BRDA:309,15,1,0
BRDA:370,16,0,0
BRDA:370,16,1,0
BRDA:371,17,0,0
BRDA:371,17,1,0
BRDA:411,18,0,0
BRDA:411,18,1,0
BRDA:415,19,0,0
BRDA:415,19,1,0
BRF:38
BRH:4
end_of_record
TN:
SF:/home/saqib/Saqib/MSOT/contracts/Migrations.sol
FN:8,restricted
FN:16,setCompleted
FNF:2
FNH:0
FNDA:0,restricted
FNDA:0,setCompleted
DA:9,0
DA:13,0
DA:17,0
LF:3
LH:0
BRDA:9,1,0,0
BRDA:9,1,1,0
BRF:2
BRH:0
end_of_record
TN:
SF:/home/saqib/Saqib/MSOT/contracts/MSOT.sol
FN:12,initialize
FN:18,_authorizeUpgrade
FN:25,version
FNF:3
FNH:3
FNDA:3,initialize
FNDA:2,_authorizeUpgrade
FNDA:1,version
DA:13,3
DA:14,3
DA:15,3
DA:26,1
LF:4
LH:4
BRF:0
BRH:0
end_of_record
TN:
SF:/home/saqib/Saqib/MSOT/contracts/Profit_Distributor.sol
FN:10,initialize
FN:14,_authorizeUpgrade
FN:21,version
FNF:3
FNH:3
FNDA:3,initialize
FNDA:2,_authorizeUpgrade
FNDA:1,version
DA:11,3
DA:22,1
LF:2
LH:2
BRF:0
BRH:0
end_of_record
TN:
SF:/home/saqib/Saqib/MSOT/contracts/Rentor.sol
FN:10,initialize
FN:14,_authorizeUpgrade
FN:21,version
FNF:3
FNH:3
FNDA:3,initialize
FNDA:2,_authorizeUpgrade
FNDA:1,version
DA:11,3
DA:22,1
LF:2
LH:2
BRF:0
BRH:0
end_of_record
TN:
SF:/home/saqib/Saqib/MSOT/contracts/SOT.sol
FN:12,initialize
FN:24,_authorizeUpgrade
FN:32,version
FNF:3
FNH:3
FNDA:3,initialize
FNDA:2,_authorizeUpgrade
FNDA:1,version
DA:13,3
DA:14,3
DA:16,3
DA:17,153
DA:33,1
LF:5
LH:5
BRF:0
BRH:0
end_of_record
